
> simplifica@0.0.0 prebuild
> node scripts/generate-runtime-config.mjs

[runtime-config] Loaded environment variables from .env.local
[runtime-config] Wrote src/assets/runtime-config.json
[runtime-config] Supabase URL: https://ufutyjbqfjrlzkprvyvs.supabase.co
[runtime-config] Supabase anon key (redacted): sb_pub‚Ä¶vcqq

> simplifica@0.0.0 build
> ng build

[33m‚ùØ[39m Building...
[32m‚úî[39m Building...
Application bundle generation failed. [15.355 seconds]

[1m[33m[33m‚ñ≤ [43;33m[[43;30mWARNING[43;33m][0m [1mNG8105: Your ngFor is missing a value. Did you forget to add the `let` keyword?[0m [1m[35m[plugin angular-compiler][0m

    src/app/features/projects/kanban-board/kanban-board.component.html:34:26:
[37m      34 ‚îÇ                     <div *[32mngFor="letproject [37mof column.projects" cd...
         ‚ïµ                           [32m~~~~~~~~~~~~~~~~~~[0m

  Error occurs in the template of component KanbanBoardComponent.

    src/app/features/projects/kanban-board/kanban-board.component.ts:23:15:
[37m      23 ‚îÇ   templateUrl: [32m'./kanban-board.component.html'[37m,
         ‚ïµ                [32m~~~~~~~~~~~~~~~~~~~~~~~~~~~~~~~[0m

[39m[22m
[1m[31m[31mX [41;31m[[41;97mERROR[41;31m][0m [1mNG9: Property 'project' does not exist on type 'KanbanBoardComponent'.[0m [1m[35m[plugin angular-compiler][0m

    src/app/features/projects/kanban-board/kanban-board.component.html:34:87:
[37m      34 ‚îÇ ...or="letproject of column.projects" cdkDrag [cdkDragData]="[32mproject[37m"
         ‚ïµ                                                              [32m~~~~~~~[0m

  Error occurs in the template of component KanbanBoardComponent.

    src/app/features/projects/kanban-board/kanban-board.component.ts:23:15:
[37m      23 ‚îÇ   templateUrl: [32m'./kanban-board.component.html'[37m,
         ‚ïµ                [32m~~~~~~~~~~~~~~~~~~~~~~~~~~~~~~~[0m


[31mX [41;31m[[41;97mERROR[41;31m][0m [1mNG9: Property 'project' does not exist on type 'KanbanBoardComponent'.[0m [1m[35m[plugin angular-compiler][0m

    src/app/features/projects/kanban-board/kanban-board.component.html:36:53:
[37m      36 ‚îÇ ...         <app-project-card [project]="[32mproject[37m"></app-project-card>
         ‚ïµ                                          [32m~~~~~~~[0m

  Error occurs in the template of component KanbanBoardComponent.

    src/app/features/projects/kanban-board/kanban-board.component.ts:23:15:
[37m      23 ‚îÇ   templateUrl: [32m'./kanban-board.component.html'[37m,
         ‚ïµ                [32m~~~~~~~~~~~~~~~~~~~~~~~~~~~~~~~[0m

[39m[22m
