
> simplifica@0.0.0 prebuild
> node scripts/generate-runtime-config.mjs

[runtime-config] Loaded environment variables from .env.local
[runtime-config] Wrote src/assets/runtime-config.json
[runtime-config] Supabase URL: https://ufutyjbqfjrlzkprvyvs.supabase.co
[runtime-config] Supabase anon key (redacted): sb_pubâ€¦vcqq

> simplifica@0.0.0 build
> ng build

[33mâ¯[39m Building...
[32mâœ”[39m Building...
Application bundle generation failed. [16.263 seconds]

[1m[31m[31mX [41;31m[[41;97mERROR[41;31m][0m [1mCould not resolve "../../../core/services/contracts.service"[0m

    src/app/features/client-portal/pages/contracts/client-contracts.component.ts:3:43:
[37m      3 â”‚ ...ervice, Contract } from [32m'../../../core/services/contracts.service'[37m;
        â•µ                            [32m~~~~~~~~~~~~~~~~~~~~~~~~~~~~~~~~~~~~~~~~~~[0m


[31mX [41;31m[[41;97mERROR[41;31m][0m [1mTS2307: Cannot find module '../../../core/services/contracts.service' or its corresponding type declarations.[0m [1m[35m[plugin angular-compiler][0m

    src/app/features/client-portal/pages/contracts/client-contracts.component.ts:3:43:
[37m      3 â”‚ ...ervice, Contract } from [32m'../../../core/services/contracts.service'[37m;
        â•µ                            [32m~~~~~~~~~~~~~~~~~~~~~~~~~~~~~~~~~~~~~~~~~~[0m


[31mX [41;31m[[41;97mERROR[41;31m][0m [1mCould not resolve "../../../core/services/auth.service"[0m

    src/app/features/client-portal/pages/contracts/client-contracts.component.ts:4:28:
[37m      4 â”‚ import { AuthService } from [32m'../../../core/services/auth.service'[37m;
        â•µ                             [32m~~~~~~~~~~~~~~~~~~~~~~~~~~~~~~~~~~~~~[0m


[31mX [41;31m[[41;97mERROR[41;31m][0m [1mTS2307: Cannot find module '../../../core/services/auth.service' or its corresponding type declarations.[0m [1m[35m[plugin angular-compiler][0m

    src/app/features/client-portal/pages/contracts/client-contracts.component.ts:4:28:
[37m      4 â”‚ import { AuthService } from [32m'../../../core/services/auth.service'[37m;
        â•µ                             [32m~~~~~~~~~~~~~~~~~~~~~~~~~~~~~~~~~~~~~[0m


[31mX [41;31m[[41;97mERROR[41;31m][0m [1mTS2571: Object is of type 'unknown'.[0m [1m[35m[plugin angular-compiler][0m

    src/app/features/client-portal/pages/contracts/client-contracts.component.ts:110:31:
[37m      110 â”‚             const user = await [32mthis.authService[37m.getCurrentUser();
          â•µ                                [32m~~~~~~~~~~~~~~~~[0m


[31mX [41;31m[[41;97mERROR[41;31m][0m [1mTS2571: Object is of type 'unknown'.[0m [1m[35m[plugin angular-compiler][0m

    src/app/features/client-portal/pages/contracts/client-contracts.component.ts:118:47:
[37m      118 â”‚ ...st { data: clientData } = await [32mthis.contractsService[37m['supabase']
          â•µ                                    [32m~~~~~~~~~~~~~~~~~~~~~[0m


[31mX [41;31m[[41;97mERROR[41;31m][0m [1mTS2571: Object is of type 'unknown'.[0m [1m[35m[plugin angular-compiler][0m

    src/app/features/client-portal/pages/contracts/client-contracts.component.ts:125:16:
[37m      125 â”‚                 [32mthis.contractsService[37m.getClientContracts(clientDa...
          â•µ                 [32m~~~~~~~~~~~~~~~~~~~~~[0m


[31mX [41;31m[[41;97mERROR[41;31m][0m [1mTS7006: Parameter 'data' implicitly has an 'any' type.[0m [1m[35m[plugin angular-compiler][0m

    src/app/features/client-portal/pages/contracts/client-contracts.component.ts:126:27:
[37m      126 â”‚                     next: ([32mdata[37m) => {
          â•µ                            [32m~~~~[0m


[31mX [41;31m[[41;97mERROR[41;31m][0m [1mTS7006: Parameter 'err' implicitly has an 'any' type.[0m [1m[35m[plugin angular-compiler][0m

    src/app/features/client-portal/pages/contracts/client-contracts.component.ts:130:28:
[37m      130 â”‚                     error: ([32merr[37m) => {
          â•µ                             [32m~~~[0m


[31mX [41;31m[[41;97mERROR[41;31m][0m [1mTS2571: Object is of type 'unknown'.[0m [1m[35m[plugin angular-compiler][0m

    src/app/features/client-portal/pages/contracts/client-contracts.component.ts:163:26:
[37m      163 â”‚ ...   const url = await [32mthis.contractsService[37m.getContractPdfUrl(c...
          â•µ                         [32m~~~~~~~~~~~~~~~~~~~~~[0m

[39m[22m
